<?xml version="1.0" encoding="UTF-8"?>
<!-- Generated by org.testng.reporters.JUnitReportReporter -->
<testsuite hostname="DESKTOP-42S55DB" failures="0" tests="2" name="Framework.HardAssertEx" time="0.024" errors="0" timestamp="2024-05-02T19:49:41 IST" skipped="0">
  <testcase classname="Framework.HardAssertEx" name="m1" time="0.022"/>
  <system-out/>
  <testcase classname="Framework.HardAssertEx" name="m2" time="0.002"/>
  <system-out/>
</testsuite> <!-- Framework.HardAssertEx -->
