<?xml version="1.0" encoding="UTF-8"?>
<!-- Generated by org.testng.reporters.JUnitReportReporter -->
<testsuite hostname="DESKTOP-42S55DB" failures="0" tests="4" name="Framework.TestNGEx" time="0.018" errors="0" timestamp="2024-05-02T20:39:02 IST" skipped="0">
  <testcase classname="Framework.TestNGEx" name="modifyContact" time="0.002"/>
  <system-out/>
  <testcase classname="Framework.TestNGEx" name="createContact" time="0.013"/>
  <system-out/>
  <testcase classname="Framework.TestNGEx" name="modifyContact" time="0.001"/>
  <system-out/>
  <testcase classname="Framework.TestNGEx" name="deleteContact" time="0.002"/>
  <system-out/>
</testsuite> <!-- Framework.TestNGEx -->
