<?xml version="1.0" encoding="UTF-8"?>
<!-- Generated by org.testng.reporters.JUnitReportReporter -->
<testsuite hostname="DESKTOP-42S55DB" failures="0" tests="1" name="Framework.TestNGEx1" time="16.328" errors="0" timestamp="2024-05-02T20:39:02 IST" skipped="0">
  <testcase classname="Framework.TestNGEx1" name="testNGEx1" time="16.328"/>
  <system-out/>
</testsuite> <!-- Framework.TestNGEx1 -->
